0 info it worked if it ends with ok
1 verbose cli [ '/home/musong/.nvm/versions/node/v6.17.1/bin/node',
1 verbose cli   '/home/musong/.nvm/versions/node/v6.17.1/bin/npm',
1 verbose cli   'run',
1 verbose cli   'dev' ]
2 info using npm@3.10.10
3 info using node@v6.17.1
4 verbose run-script [ 'predev', 'dev', 'postdev' ]
5 info lifecycle wizmap@0.1.3~predev: wizmap@0.1.3
6 silly lifecycle wizmap@0.1.3~predev: no script for predev, continuing
7 info lifecycle wizmap@0.1.3~dev: wizmap@0.1.3
8 verbose lifecycle wizmap@0.1.3~dev: unsafe-perm in lifecycle true
9 verbose lifecycle wizmap@0.1.3~dev: PATH: /home/musong/.nvm/versions/node/v6.17.1/lib/node_modules/npm/bin/node-gyp-bin:/home/musong/web/ml-ui/wizmap/node_modules/.bin:/home/musong/.vscode-server/bin/8b3775030ed1a69b13e4f4c628c612102e30a681/bin/remote-cli:/home/musong/.local/bin:/home/musong/.nvm/versions/node/v6.17.1/bin:/usr/local/sbin:/usr/local/bin:/usr/sbin:/usr/bin:/sbin:/bin:/usr/games:/usr/local/games:/usr/lib/wsl/lib:/mnt/c/WINDOWS/system32:/mnt/c/WINDOWS:/mnt/c/WINDOWS/System32/Wbem:/mnt/c/WINDOWS/System32/WindowsPowerShell/v1.0/:/mnt/c/WINDOWS/System32/OpenSSH/:/mnt/c/Program Files/Git/cmd:/mnt/c/Program Files/NVIDIA Corporation/NVIDIA NvDLISR:/mnt/c/Program Files/MATLAB/R2022a/runtime/win64:/mnt/c/Program Files/MATLAB/R2022a/bin:/mnt/c/ProgramData/chocolatey/bin:/mnt/c/Program Files/NCBI/blast-2.15.0+/bin:/mnt/c/Users/13816/AppData/Local/Microsoft/WindowsApps:/mnt/c/Users/13816/texlive/2023/bin/windows:/mnt/c/Users/13816/AppData/Local/Programs/Microsoft VS Code/bin:/snap/bin:/home/musong/DruggableProtein/ncbi-blast-2.14.0+/bin:/home/musong/DruggableProtein/ncbi-blast-2.14.0+/bin
10 verbose lifecycle wizmap@0.1.3~dev: CWD: /home/musong/web/ml-ui/wizmap
11 silly lifecycle wizmap@0.1.3~dev: Args: [ '-c', 'vite --port 9090' ]
12 silly lifecycle wizmap@0.1.3~dev: Returned: code: 1  signal: null
13 info lifecycle wizmap@0.1.3~dev: Failed to exec dev script
14 verbose stack Error: wizmap@0.1.3 dev: `vite --port 9090`
14 verbose stack Exit status 1
14 verbose stack     at EventEmitter.<anonymous> (/home/musong/.nvm/versions/node/v6.17.1/lib/node_modules/npm/lib/utils/lifecycle.js:255:16)
14 verbose stack     at emitTwo (events.js:106:13)
14 verbose stack     at EventEmitter.emit (events.js:191:7)
14 verbose stack     at ChildProcess.<anonymous> (/home/musong/.nvm/versions/node/v6.17.1/lib/node_modules/npm/lib/utils/spawn.js:40:14)
14 verbose stack     at emitTwo (events.js:106:13)
14 verbose stack     at ChildProcess.emit (events.js:191:7)
14 verbose stack     at maybeClose (internal/child_process.js:920:16)
14 verbose stack     at Process.ChildProcess._handle.onexit (internal/child_process.js:230:5)
15 verbose pkgid wizmap@0.1.3
16 verbose cwd /home/musong/web/ml-ui/wizmap
17 error Linux 5.10.16.3-microsoft-standard-WSL2
18 error argv "/home/musong/.nvm/versions/node/v6.17.1/bin/node" "/home/musong/.nvm/versions/node/v6.17.1/bin/npm" "run" "dev"
19 error node v6.17.1
20 error npm  v3.10.10
21 error code ELIFECYCLE
22 error wizmap@0.1.3 dev: `vite --port 9090`
22 error Exit status 1
23 error Failed at the wizmap@0.1.3 dev script 'vite --port 9090'.
23 error Make sure you have the latest version of node.js and npm installed.
23 error If you do, this is most likely a problem with the wizmap package,
23 error not with npm itself.
23 error Tell the author that this fails on your system:
23 error     vite --port 9090
23 error You can get information on how to open an issue for this project with:
23 error     npm bugs wizmap
23 error Or if that isn't available, you can get their info via:
23 error     npm owner ls wizmap
23 error There is likely additional logging output above.
24 verbose exit [ 1, true ]
